Степан ky 5       Поле email введено некорректно
Земфира42 oprpoo.ru 4       Поле имя содержит цифры
Хенг666 gnbjhc@mail.ru 14       Поле имя содержит цифры
32 lmwaib@mail.r       Строка не содержит 3 составляющие
Мария 84 esey@mail.r       Поле email введено некорректно
Ольга42 pphew@gmail.com        Поле имя содержит цифры
Ли666 zndmnr@gmail.com 6       Поле имя содержит цифры
Муммий42 nruqcwad@gmail.com 6       Поле имя содержит цифры
       Строка не содержит 3 составляющие
Ярослав42 igs@mail.ru 7       Поле имя содержит цифры
Геннадий42 pc@ya.ru 11       Поле имя содержит цифры
Равшан666 bksvga@gmail.com 12       Поле имя содержит цифры
Муммий666 mc@gmail.com 10       Поле имя содержит цифры
Пенг tzyqfcitfigvam 9       Поле email введено некорректно
Михаил!!!!1 bjas@mail.ru 14       Поле имя содержит цифры
Михаил666 uutmdfkh@mail.ru 10       Поле имя содержит цифры
Ольга666 vlqxynaj@ya.ru 8       Поле имя содержит цифры
Владимир!!!!1 iaiqss@mail.ru 5       Поле имя содержит цифры
Джигурда42 mvocd@ya.ru 2       Поле имя содержит цифры
Ван!!!!1 qnmlo@mail.ru 8       Поле имя содержит цифры
Ли ppoohrkgik 14       Поле email введено некорректно
       Строка не содержит 3 составляющие
Бузова42 xqqilbwkso@ya.ru 2       Поле имя содержит цифры
Владимир666 padnygk@gmail.com        Поле имя содержит цифры
Дмитрий42 achkqvm@ya.ru 6       Поле имя содержит цифры
Тролль42 phnhg@ya.ru 10       Поле имя содержит цифры
Ли666 wunotm.ru 12       Поле имя содержит цифры
Ли!!!!1 zgqxf@ya.ru 5       Поле имя содержит цифры
Ли oiasfigvam 1       Поле email введено некорректно
Гнойный42 kbgatjx@gmail.com 1       Поле имя содержит цифры
8       Строка не содержит 3 составляющие
100 kqmoh@mail.r       Строка не содержит 3 составляющие
Ли!!!!1 lyvxuxkycl@gmail.com 1       Поле имя содержит цифры
Джигурда ntvuwh 9       Поле email введено некорректно
       Строка не содержит 3 составляющие
Нагиев666 cywgddmgkb@gmail.com 2       Поле имя содержит цифры
Джамшут666 ejiuy@gmail.com 1       Поле имя содержит цифры
Геннадий 7       Строка не содержит 3 составляющие
Сянцзян666 bcwfmiz@gmail.com 6       Поле имя содержит цифры
Бузова666 agq@mail.ru 1       Поле имя содержит цифры
Анна foycgfigvam 2       Поле email введено некорректно
       Строка не содержит 3 составляющие
Артём42 fzokn@mail.ru 9       Поле имя содержит цифры
Джамшут kfc 4       Поле email введено некорректно
Пенг666 zemfwxug@ya.ru 13       Поле имя содержит цифры
Ли 112 vdsy@mail.r       Поле email введено некорректно
szozws@gmail.co       Строка не содержит 3 составляющие
Ли42 qkwivw@ya.ru 6       Поле имя содержит цифры
       Строка не содержит 3 составляющие
11       Строка не содержит 3 составляющие
6 pihspjscc@gmail.co       Строка не содержит 3 составляющие
Пенг!!!!1 jax@mail.ru 11       Поле имя содержит цифры
Земфира bgbnnnwzfigvam 8       Поле email введено некорректно
Геннадий42 mcfsrhnu@gmail.com 11       Поле имя содержит цифры
Сянцзян!!!!1 lbdwsvyr@ya.ru 10       Поле имя содержит цифры
Л       Строка не содержит 3 составляющие
Гнойный rbxelphdfigvam 14       Поле email введено некорректно
Мария!!!!1 szssysaz@mail.ru 5       Поле имя содержит цифры
Равшан vu@mail.r       Строка не содержит 3 составляющие
Джамшу       Строка не содержит 3 составляющие
Равшан nkb@gmail.co       Строка не содержит 3 составляющие
Гнойный stfrxiwkpe@gmail.co       Строка не содержит 3 составляющие
Ли 8 lqzocwl@mail.r       Поле email введено некорректно
Ольга jzztfigvam 6       Поле email введено некорректно
Ольга42 ioxf@ya.ru 5       Поле имя содержит цифры
Степан xksfhicn@gmail.co       Строка не содержит 3 составляющие
Бузов       Строка не содержит 3 составляющие
Джамшут 85 yhihzkamhj@mail.r       Поле email введено некорректно
       Строка не содержит 3 составляющие
Ярослав vtq 9       Поле email введено некорректно
Джигурда!!!!1 zqygia@ya.ru 8       Поле имя содержит цифры
Волочкова!!!!1 fvnwaq@ya.ru 10       Поле имя содержит цифры
Пенг nlxetmbctfigvam 8       Поле email введено некорректно
Ли!!!!1 lb@gmail.com 9       Поле имя содержит цифры
Геннадий ceahtetz 3       Поле email введено некорректно
Геннадий sdlvehkjwfigvam 1       Поле email введено некорректно
       Строка не содержит 3 составляющие
       Строка не содержит 3 составляющие
Мария!!!!1 jxthdgat@ya.ru 2       Поле имя содержит цифры
Хенг!!!!1 bmvynuv@ya.ru 12       Поле имя содержит цифры
Михаил42 og@mail.ru 10       Поле имя содержит цифры
Артём fufmngwfigvam 2       Поле email введено некорректно
1       Строка не содержит 3 составляющие
Анна 87 tjbsuaqeij@mail.r       Поле email введено некорректно
Нагиев42 ckp@gmail.com 11       Поле имя содержит цифры
Анна 139 gsfpjtpu@mail.r       Поле email введено некорректно
Земфира qfp 8       Поле email введено некорректно
       Строка не содержит 3 составляющие
Равшан!!!!1 qv@ya.ru 9       Поле имя содержит цифры
Михаил 14       Строка не содержит 3 составляющие
Артём666 nnwzksghzj@ya.ru 7       Поле имя содержит цифры
Михаил pwys        Поле email введено некорректно
Сянцзян bmac 8       Поле email введено некорректно
       Строка не содержит 3 составляющие
Чонгкун 95 gjbskxdkfigva       Поле email введено некорректно
8       Строка не содержит 3 составляющие
Михаил 122 tnbsqbqph@mail.r       Поле email введено некорректно
Яочуан!!!!1 uasginylzu@mail.ru        Поле имя содержит цифры
Тролль!!!!1 me@ya.ru 4       Поле имя содержит цифры
       Строка не содержит 3 составляющие
Тролль!!!!1 scpqhraz@mail.ru 12       Поле имя содержит цифры
Джигурда 108 vcdg@ya.r       Поле email введено некорректно
4       Строка не содержит 3 составляющие
Хенг qhgqhwdou@ya.r       Строка не содержит 3 составляющие
Ярослав42 srlrneygk@gmail.com 13       Поле имя содержит цифры
Ли666 hmk@ya.ru 7       Поле имя содержит цифры
sszgsif@ya.r       Строка не содержит 3 составляющие
Сянцзян!!!!1 znkttbcq@ya.ru 10       Поле имя содержит цифры
Бузова!!!!1 wbtn@ya.ru        Поле имя содержит цифры
Гнойный 28 kjylwig@gmail.co       Поле email введено некорректно
Нагиев 141 ksclybha@ya.r       Поле email введено некорректно
Анна42 mdphjole@mail.ru 9       Поле имя содержит цифры
Ли kjeijr 8       Поле email введено некорректно
Ван666 rwozf@mail.ru 6       Поле имя содержит цифры
Гнойный!!!!1 tfdxnc@gmail.com 5       Поле имя содержит цифры
Чонгкун666 nuvifr@mail.ru 8       Поле имя содержит цифры
Ольга 11       Строка не содержит 3 составляющие
rnneuvnkuq@ya.r       Строка не содержит 3 составляющие
Ольга tqz 3       Поле email введено некорректно
Ольга!!!!1 xa@mail.ru 1       Поле имя содержит цифры
       Строка не содержит 3 составляющие
Михаил suuxrwmdup@mail.r       Строка не содержит 3 составляющие
Нагиев42 hepcefwt@gmail.com 14       Поле имя содержит цифры
Земфира!!!!1 ysjx@gmail.com 3       Поле имя содержит цифры
Владимир42 tigtz@gmail.com 11       Поле имя содержит цифры
       Строка не содержит 3 составляющие
Сянцзян42 smwuwyf@ya.ru 9       Поле имя содержит цифры
Ли cnenvqixfigvam 7       Поле email введено некорректно
Гнойный svbl@ya.r       Строка не содержит 3 составляющие
Джамшут kntebz 13       Поле email введено некорректно
Тролль yazlktxksy 12       Поле email введено некорректно
Артём pcyaylecdp 1       Поле email введено некорректно
Джигурда 142 jp@gmail.co       Поле email введено некорректно
Анна666 woly@ya.ru 9       Поле имя содержит цифры
Пенг iru 6       Поле email введено некорректно
Земфира thfjjam 3       Поле email введено некорректно
Нагиев!!!!1 mxjvvmjw@ya.ru 6       Поле имя содержит цифры
svrlbuyt@gmail.co       Строка не содержит 3 составляющие
Ли 148 gnfkppro@gmail.co       Поле email введено некорректно
Чонгкун42 vebo@ya.ru 7       Поле имя содержит цифры
Л       Строка не содержит 3 составляющие
Геннадий 63 cy@gmail.co       Поле email введено некорректно
Ольга42 ytoqsvzdbj@ya.ru 1       Поле имя содержит цифры
Владимир666 fqeshkvpb@gmail.com 13       Поле имя содержит цифры
Степан fysquqxop 6       Поле email введено некорректно
Яочуан666 ojhpeixeg@mail.ru 5       Поле имя содержит цифры
Артём42 bkvvgs@ya.ru 10       Поле имя содержит цифры
1       Строка не содержит 3 составляющие
Ольга42 vtcydxxr@ya.ru 6       Поле имя содержит цифры
Пенг666 yumswlmp@mail.ru 1       Поле имя содержит цифры
Ван!!!!1 hejysrn@gmail.com 10       Поле имя содержит цифры
Степан nmlczsgj@gmail.co       Строка не содержит 3 составляющие
62 prkf@gmail.co       Строка не содержит 3 составляющие
Муммий!!!!1 zob@gmail.com 3       Поле имя содержит цифры
Дмитрий msvvsohufigvam 14       Поле email введено некорректно
Гнойный 6 lbtu@ya.r       Поле email введено некорректно
Тролль42 alhjiwgs@ya.ru 5       Поле имя содержит цифры
Муммий42 zxms@ya.ru 12       Поле имя содержит цифры
7       Строка не содержит 3 составляющие
Чехова42 hhtjjrwpev@gmail.com        Поле имя содержит цифры
13       Строка не содержит 3 составляющие
Тролль!!!!1 bogopq@gmail.com 8       Поле имя содержит цифры
98 gcuxhm@ya.r       Строка не содержит 3 составляющие
olntfwja@ya.r       Строка не содержит 3 составляющие
8       Строка не содержит 3 составляющие
Сянцзян42 sfrpkl@ya.ru 5       Поле имя содержит цифры
118 ereuqwvy@ya.r       Строка не содержит 3 составляющие
Гнойный 86 fj@ya.r       Поле email введено некорректно
Бузова42 ydx@mail.ru 12       Поле имя содержит цифры
Ярослав666 kfthu@gmail.com 6       Поле имя содержит цифры
Ли ienntshosefigvam 12       Поле email введено некорректно
Геннадий hfo 7       Поле email введено некорректно
Равшан nrgfigvam 10       Поле email введено некорректно
Ольга 4       Строка не содержит 3 составляющие
       Строка не содержит 3 составляющие
Владимир666 onnjp@mail.ru 12       Поле имя содержит цифры
       Строка не содержит 3 составляющие
Ли!!!!1 yknhi@gmail.com 8       Поле имя содержит цифры
Яочуан ecbdyw 6       Поле email введено некорректно
4       Строка не содержит 3 составляющие
Волочкова 4 fs@gmail.co       Поле email введено некорректно
Ли42 os@mail.ru 11       Поле имя содержит цифры
Ван ri 2       Поле email введено некорректно
Михаил!!!!1 augxx@mail.ru 3       Поле имя содержит цифры
       Строка не содержит 3 составляющие
Муммий!!!!1 jhywpwbfye@ya.ru 4       Поле имя содержит цифры
Ли666 hxsewxm.mail.ru 4       Поле имя содержит цифры
Чонгкун42 gqpxooc@ya.ru 1       Поле имя содержит цифры
Ли 130 gnqdxd@ya.r       Поле email введено некорректно
Чехова666 fvsmfjx@gmail.com 14       Поле имя содержит цифры
Волочкова666 te@ya.ru 9       Поле имя содержит цифры
       Строка не содержит 3 составляющие
Дмитрий!!!!1 ejk@ya.ru 14       Поле имя содержит цифры
Артём mwcwi 6       Поле email введено некорректно
Ольга ylmsbg@mail.r       Строка не содержит 3 составляющие
47 hoejbllhb@mail.r       Строка не содержит 3 составляющие
Муммий kroj 6       Поле email введено некорректно
uqpyy@gmail.co       Строка не содержит 3 составляющие
Ольга raoegy 4       Поле email введено некорректно
Сянцзян42 dxappje@ya.ru 8       Поле имя содержит цифры
14       Строка не содержит 3 составляющие
Муммий666 pfcgk@gmail.com 3       Поле имя содержит цифры
Джамшут prufigvam 3       Поле email введено некорректно
Владимир42 ocil@ya.ru 6       Поле имя содержит цифры
146 ultgcrrsyd@gmail.co       Строка не содержит 3 составляющие
       Строка не содержит 3 составляющие
       Строка не содержит 3 составляющие
Нагиев!!!!1 kbdexi@gmail.com 13       Поле имя содержит цифры
wewteqjmbv@gmail.co       Строка не содержит 3 составляющие
Ли 8 zv@ya.r       Поле email введено некорректно
Тролль666 san@ya.ru 3       Поле имя содержит цифры
Тролль42 myktu@ya.ru 10       Поле имя содержит цифры
Ольга srirfigvam 8       Поле email введено некорректно
Л       Строка не содержит 3 составляющие
Джигурда42 qgklrw@mail.ru 4       Поле имя содержит цифры
Л       Строка не содержит 3 составляющие
6       Строка не содержит 3 составляющие
       Строка не содержит 3 составляющие
14       Строка не содержит 3 составляющие
Мария666 bpwmxx@ya.ru 9       Поле имя содержит цифры
83 ndvtduby@ya.r       Строка не содержит 3 составляющие
1       Строка не содержит 3 составляющие
Степан42 hdbkzaeky@mail.ru 5       Поле имя содержит цифры
11       Строка не содержит 3 составляющие
Геннадий42 zheiftllgi@ya.ru 6       Поле имя содержит цифры
Равша       Строка не содержит 3 составляющие
7       Строка не содержит 3 составляющие
Дмитрий666 crixe@mail.ru 9       Поле имя содержит цифры
Яочуан666 lxlrule@gmail.com 7       Поле имя содержит цифры
Михаил 7       Строка не содержит 3 составляющие
13       Строка не содержит 3 составляющие
       Строка не содержит 3 составляющие
Владимир mchakediwfigvam 2       Поле email введено некорректно
Тролль666 pfmeafl@ya.ru 13       Поле имя содержит цифры
9       Строка не содержит 3 составляющие
Чонгкун!!!!1 epi@mail.ru 2       Поле имя содержит цифры
Ван hcfigvam 5       Поле email введено некорректно
Чонгкун!!!!1 ezgswihx@mail.ru 10       Поле имя содержит цифры
Пенг!!!!1 zk@ya.ru 6       Поле имя содержит цифры
       Строка не содержит 3 составляющие
       Строка не содержит 3 составляющие
Владимир 10       Строка не содержит 3 составляющие
Муммий666 vypsxkwymh@mail.ru 4       Поле имя содержит цифры
Ярослав 12 xopp@ya.r       Поле email введено некорректно
Дмитрий 55 ntrkw@ya.r       Поле email введено некорректно
Равшан!!!!1 hstqsan@mail.ru 2       Поле имя содержит цифры
Земфира 12       Строка не содержит 3 составляющие
Бузова666 nkiif@mail.ru 14       Поле имя содержит цифры
Мария42 evjnisvo@mail.ru 1       Поле имя содержит цифры
Чонгкун666 bfw@gmail.com 10       Поле имя содержит цифры
Анна dvzwfrwihfigvam 9       Поле email введено некорректно
Муммий666 xtja@gmail.com 13       Поле имя содержит цифры
Чонгкун 9       Строка не содержит 3 составляющие
Анна666 qezvacvl@ya.ru 5       Поле имя содержит цифры
Нагиев nxmtrmbnxrfigvam 9       Поле email введено некорректно
Ван 7 xd@ya.r       Поле email введено некорректно
Чонгкун xfbdcjmhsfigvam 3       Поле email введено некорректно
Хенг666 hach@ya.ru 14       Поле имя содержит цифры
Муммий flbcsrgc 8       Поле email введено некорректно
Яочуан42 apbwlkt@ya.ru 4       Поле имя содержит цифры
Михаил42 xrsihsm@gmail.com 2       Поле имя содержит цифры
Геннадий666 oe@gmail.com 2       Поле имя содержит цифры
Мария xbukipt 1       Поле email введено некорректно
Яочуан666 aorzze@gmail.com 14       Поле имя содержит цифры
Михаил iyxmljrorlfigvam 8       Поле email введено некорректно
Артём42 dndyftuyj.mail.ru 3       Поле имя содержит цифры
Чехова!!!!1 jjrw@mail.ru 5       Поле имя содержит цифры
Тролл       Строка не содержит 3 составляющие
Владимир 9       Строка не содержит 3 составляющие
Равшан42 szlxogi@mail.ru 6       Поле имя содержит цифры
Дмитрий hgopfigvam 14       Поле email введено некорректно
       Строка не содержит 3 составляющие
Чонгкун42 mxrivgxhry@ya.ru 2       Поле имя содержит цифры
Джамшут!!!!1 zwu@gmail.com 4       Поле имя содержит цифры
Геннадий jewqfigvam 13       Поле email введено некорректно
Волочкова qcopaxdp@ya.r       Строка не содержит 3 составляющие
Геннадий42 fcze@mail.ru 2       Поле имя содержит цифры
Ван666 scn@gmail.com 12       Поле имя содержит цифры
Джамшут42 hhldg@ya.ru 3       Поле имя содержит цифры
Ван umozztngyfigvam 4       Поле email введено некорректно
Дмитрий pcnnjkxzfigvam 12       Поле email введено некорректно
50 nz@mail.r       Строка не содержит 3 составляющие
10       Строка не содержит 3 составляющие
Михаил vshhvhzkfigvam 13       Поле email введено некорректно
Хенг 13 kicriaoeas@gmail.co       Поле email введено некорректно
Сянцзян!!!!1 win@mail.ru 7       Поле имя содержит цифры
Тролль hzvrmkpfeqfigvam 14       Поле email введено некорректно
11       Строка не содержит 3 составляющие
Джамшут!!!!1 ysl@mail.ru 5       Поле имя содержит цифры
11       Строка не содержит 3 составляющие
Земфира vcpgcxe 12       Поле email введено некорректно
10       Строка не содержит 3 составляющие
138 qg@mail.r       Строка не содержит 3 составляющие
Гнойный666 mccw@mail.ru 8       Поле имя содержит цифры
Владимир666 cjopwzztw@gmail.com 3       Поле имя содержит цифры
Бузова666 pmkixpo@mail.ru 5       Поле имя содержит цифры
Степан666 eykjp@ya.ru 13       Поле имя содержит цифры
Ли666 awjc@ya.ru 4       Поле имя содержит цифры
Степан 52 mhvbf@mail.r       Поле email введено некорректно
Ли 136 mriwste       Поле email введено некорректно
Чехова 131 tpgiwxpet@mail.r       Поле email введено некорректно
Ли loqxt 1       Поле email введено некорректно
Ли42 qk@mail.ru        Поле имя содержит цифры
       Строка не содержит 3 составляющие
Чехова!!!!1 akwseqmndo@mail.ru 3       Поле имя содержит цифры
agvobvr@mail.r       Строка не содержит 3 составляющие
Дмитрий fsfigvam 3       Поле email введено некорректно
Тролль666 ctzxwzc@mail.ru 6       Поле имя содержит цифры
Равшан!!!!1 nwllr@mail.ru 8       Поле имя содержит цифры
Нагиев 8       Строка не содержит 3 составляющие
cpbytheah@mail.r       Строка не содержит 3 составляющие
Л       Строка не содержит 3 составляющие
Джигурда42 kwbkfb@mail.ru 10       Поле имя содержит цифры
ybjqbgp@mail.r       Строка не содержит 3 составляющие
Нагиев yljsd 11       Поле email введено некорректно
141 nfsqhyxv@mail.r       Строка не содержит 3 составляющие
Степан42 ghg@gmail.com 14       Поле имя содержит цифры
12       Строка не содержит 3 составляющие
Волочкова 101 tgly@mail.r       Поле email введено некорректно
Равшан!!!!1 ulxvoyfms@ya.ru 10       Поле имя содержит цифры
Бузов       Строка не содержит 3 составляющие
Равшан 107 wuhjgqty@mail.r       Поле email введено некорректно
Владимир42 cmszgblsqy@mail.ru 5       Поле имя содержит цифры
15 cmtnrpit@gmail.co       Строка не содержит 3 составляющие
Равшан wtpfigvam 3       Поле email введено некорректно
Ярослав42 juptrzi@mail.ru 11       Поле имя содержит цифры
Земфира666 sifvssf@gmail.com 5       Поле имя содержит цифры
       Строка не содержит 3 составляющие
56 ggwydsie@gmail.co       Строка не содержит 3 составляющие
Геннадий666 cexzrtyoda@ya.ru 9       Поле имя содержит цифры
Муммий666 pbwdus@ya.ru 7       Поле имя содержит цифры
Артём42 tyvnfmq@ya.ru 15       Поле имя содержит цифры
Геннадий666 oyqffzcx@mail.ru        Поле имя содержит цифры
Чехов       Строка не содержит 3 составляющие
Геннадий 82 uwgn@ya.r       Поле email введено некорректно
       Строка не содержит 3 составляющие
Равшан 10       Строка не содержит 3 составляющие
       Строка не содержит 3 составляющие
Яочуан 22 jfzjerzm@ya.r       Поле email введено некорректно
Чонгкун 147 heevtbp@mail.r       Поле email введено некорректно
Волочкова 10       Строка не содержит 3 составляющие
Чехова666 wrnuu@mail.ru 8       Поле имя содержит цифры
Михаил42 wdkoz@gmail.com 3       Поле имя содержит цифры
Владимир42 vleqvfntk@gmail.com 8       Поле имя содержит цифры
Артём qakfigvam 1       Поле email введено некорректно
Яочуан 12       Строка не содержит 3 составляющие
Чехов       Строка не содержит 3 составляющие
       Строка не содержит 3 составляющие
Михаил666 uoludapk@gmail.com 8       Поле имя содержит цифры
Джамшут 58 deqqjvr@mail.r       Поле email введено некорректно
       Строка не содержит 3 составляющие
Артём!!!!1 voyhigaywy@ya.ru 9       Поле имя содержит цифры
       Строка не содержит 3 составляющие
Волочкова42 ctjhza@ya.ru 10       Поле имя содержит цифры
13       Строка не содержит 3 составляющие
12       Строка не содержит 3 составляющие
9       Строка не содержит 3 составляющие
Ли42 hnrh@mail.ru 7       Поле имя содержит цифры
Пенг!!!!1 qolddv@ya.ru 1       Поле имя содержит цифры
       Строка не содержит 3 составляющие
30 dd@ya.r       Строка не содержит 3 составляющие
iscwls@mail.r       Строка не содержит 3 составляющие
Геннадий hnbfigvam 9       Поле email введено некорректно
Джигурда ikdexopfigvam 3       Поле email введено некорректно
Анна 32 ypbr@ya.r       Поле email введено некорректно
       Строка не содержит 3 составляющие
Сянцзян!!!!1 rapatjhfu@ya.ru 3       Поле имя содержит цифры
Хенг42 yuhwiqiqru@ya.ru 3       Поле имя содержит цифры
Гнойный jvhsfmenfigvam 6       Поле email введено некорректно
Тролль!!!!1 vnjbbbj@ya.ru 12       Поле имя содержит цифры
Яочуан igs 9       Поле email введено некорректно
       Строка не содержит 3 составляющие
Нагиев42 asdzldv@mail.ru 3       Поле имя содержит цифры
Равшан!!!!1 jqw@mail.ru 11       Поле имя содержит цифры
Геннадий42 mtg@mail.ru 13       Поле имя содержит цифры
Джамшут kewzicxrnvfigvam 5       Поле email введено некорректно
Чонгкун zzvnzjfigvam 1       Поле email введено некорректно
Муммий42 alvtqkcbkg@gmail.com 8       Поле имя содержит цифры
       Строка не содержит 3 составляющие
Тролль42 jopvz@ya.ru 15       Поле имя содержит цифры
Ли!!!!1 qyuxuh@ya.ru 13       Поле имя содержит цифры
Хенг!!!!1 djjv@gmail.com 3       Поле имя содержит цифры
Земфира wasrqvxns 14       Поле email введено некорректно
kxfxiixqkx@mail.r       Строка не содержит 3 составляющие
Ярослав jebog 7       Поле email введено некорректно
Чонгкун wg@mail.r       Строка не содержит 3 составляющие
Яочуан 88 ikbtseq@ya.r       Поле email введено некорректно
Мари       Строка не содержит 3 составляющие
       Строка не содержит 3 составляющие
Чехов       Строка не содержит 3 составляющие
Ольга!!!!1 viyrj@mail.ru 11       Поле имя содержит цифры
Анна 119 fexcxtfa@ya.r       Поле email введено некорректно
Нагиев666 mod@gmail.com 10       Поле имя содержит цифры
Артём 55 qtidgm@ya.r       Поле email введено некорректно
Волочкова kxcjfigvam 3       Поле email введено некорректно
Мария666 fcncrvva@gmail.com 8       Поле имя содержит цифры
Ли42 roqpmycj@gmail.com 8       Поле имя содержит цифры
Тролль!!!!1 dyc@mail.ru 1       Поле имя содержит цифры
46 knt@mail.r       Строка не содержит 3 составляющие
Ольга nykbtlfigvam 11       Поле email введено некорректно
Тролль 8 vy@mail.r       Поле email введено некорректно
Артём666 yw@gmail.com 11       Поле имя содержит цифры
Ольга 1       Строка не содержит 3 составляющие
Артём!!!!1 cgi@gmail.com 6       Поле имя содержит цифры
Гнойный lxtl 2       Поле email введено некорректно
Степан 13       Строка не содержит 3 составляющие
Геннадий42 tnmohqwgvr@gmail.com 5       Поле имя содержит цифры
       Строка не содержит 3 составляющие
       Строка не содержит 3 составляющие
Ван kflbhfigvam 13       Поле email введено некорректно
Дмитрий jcf 2       Поле email введено некорректно
Артём 12       Строка не содержит 3 составляющие
Хенг666 sbzghymivf@gmail.com 9       Поле имя содержит цифры
Анна666 mdnu@mail.ru 9       Поле имя содержит цифры
3       Строка не содержит 3 составляющие
kgzptyc@gmail.co       Строка не содержит 3 составляющие
Михаил666 im@mail.ru 10       Поле имя содержит цифры
Геннадий 62 qoe@gmail.co       Поле email введено некорректно
Хенг plobbkhfigvam 9       Поле email введено некорректно
       Строка не содержит 3 составляющие
Хенг666 slynt@gmail.com 6       Поле имя содержит цифры
Земфира 1       Строка не содержит 3 составляющие
Равшан 93 evyhc@mail.r       Поле email введено некорректно
Геннадий        Строка не содержит 3 составляющие
Геннадий fboufvjna        Поле email введено некорректно
Ван!!!!1 udlzkizctr@ya.ru 10       Поле имя содержит цифры
Сянцзян cgirs 5       Поле email введено некорректно
Ван 22 jgcjseqdap@mail.r       Поле email введено некорректно
       Строка не содержит 3 составляющие
Пенг42 dclwgk@mail.ru 10       Поле имя содержит цифры
Ван 55 nopdpm@ya.r       Поле email введено некорректно
       Строка не содержит 3 составляющие
Бузова 14       Строка не содержит 3 составляющие
       Строка не содержит 3 составляющие
Волочкова666 hgwb@mail.ru 4       Поле имя содержит цифры
Джамшут666 lbvf@ya.ru        Поле имя содержит цифры
Ли!!!!1 svvlhtyaer@gmail.com 12       Поле имя содержит цифры
Волочкова ssws 13       Поле email введено некорректно
Мария!!!!1 elrrrak@gmail.com 14       Поле имя содержит цифры
Бузова!!!!1 drxmptu@ya.ru 15       Поле имя содержит цифры
14 jgyipipd@mail.r       Строка не содержит 3 составляющие
Чехова666 icum@ya.ru 7       Поле имя содержит цифры
Геннадий!!!!1 xqyiiqmu@ya.ru 9       Поле имя содержит цифры
Анна666 bhy@mail.ru 8       Поле имя содержит цифры
       Строка не содержит 3 составляющие
Хенг 6 ogogbyvjqa@ya.r       Поле email введено некорректно
Степан lfhfigvam 12       Поле email введено некорректно
Артём qnkm 7       Поле email введено некорректно
11       Строка не содержит 3 составляющие
Дмитрий666 bmrblqh@ya.ru 12       Поле имя содержит цифры
107 bb@mail.r       Строка не содержит 3 составляющие
Джигурда!!!!1 tyax@gmail.com 10       Поле имя содержит цифры
Михаил42 dhgvpe@mail.ru 1       Поле имя содержит цифры
Ли42 hekgqk@gmail.com 1       Поле имя содержит цифры
Яочуан!!!!1 cate@mail.ru 2       Поле имя содержит цифры
Ольга666 czn@gmail.com        Поле имя содержит цифры
Анна!!!!1 zvvvxxazm@ya.ru 13       Поле имя содержит цифры
Михаил666 pobkr@mail.ru 4       Поле имя содержит цифры
Чехова!!!!1 rqe@ya.ru 7       Поле имя содержит цифры
Ли42 fazjydtmu@mail.ru 10       Поле имя содержит цифры
Муммий dehrytapi 11       Поле email введено некорректно
Артём!!!!1 sqhboz@mail.ru 1       Поле имя содержит цифры
       Строка не содержит 3 составляющие
Сянцзян ciu 7       Поле email введено некорректно
       Строка не содержит 3 составляющие
8       Строка не содержит 3 составляющие
ejgooayrv@mail.r       Строка не содержит 3 составляющие
Бузова666 kiqdpnibn@gmail.com 11       Поле имя содержит цифры
Дмитрий42 haf@ya.ru 8       Поле имя содержит цифры
Ярослав!!!!1 gwbiua@mail.ru 9       Поле имя содержит цифры
Хенг!!!!1 fvsosqu@gmail.com 14       Поле имя содержит цифры
Яочуан666 ekbmjc@ya.ru 5       Поле имя содержит цифры
Артём 88 febb@ya.r       Поле email введено некорректно
       Строка не содержит 3 составляющие
       Строка не содержит 3 составляющие
Ярослав!!!!1 lepxwlipc@gmail.com 11       Поле имя содержит цифры
Ольга666 xbelu@mail.ru 14       Поле имя содержит цифры
       Строка не содержит 3 составляющие
Ярослав42 tqhpyaet@mail.ru 14       Поле имя содержит цифры
owjaajw@mail.r       Строка не содержит 3 составляющие
Гнойный fjlrym 2       Поле email введено некорректно
Сянцзян jq@gmail.co       Строка не содержит 3 составляющие
Джамшут gjbkcaii 14       Поле email введено некорректно
Тролль 136 hzw@gmail.co       Поле email введено некорректно
Нагиев ejoaxlgoufigvam 12       Поле email введено некорректно
Сянцзян!!!!1 rq@gmail.com 13       Поле имя содержит цифры
Михаил!!!!1 kjuf@gmail.com 9       Поле имя содержит цифры
       Строка не содержит 3 составляющие
Артём42 wshueb@mail.ru 8       Поле имя содержит цифры
Ли42 hoosxc@ya.ru 13       Поле имя содержит цифры
Муммий oaxfigvam 12       Поле email введено некорректно
Чонгкун!!!!1 ewxbct@ya.ru 6       Поле имя содержит цифры
       Строка не содержит 3 составляющие
Нагие       Строка не содержит 3 составляющие
Ольга42 zs@gmail.com 13       Поле имя содержит цифры
Дмитрий ypwlitbqvwfigvam 8       Поле email введено некорректно
80 ymaxeliarj@ya.r       Строка не содержит 3 составляющие
Ван ym 13       Поле email введено некорректно
Волочкова fjuilumo 3       Поле email введено некорректно
Чонгкун42 twtho@gmail.com 13       Поле имя содержит цифры
mngkagkbtg@gmail.co       Строка не содержит 3 составляющие
Ольга!!!!1 iqmlvlgwie@ya.ru 14       Поле имя содержит цифры
Мария nc@gmail.co       Строка не содержит 3 составляющие
Ярослав vc 3       Поле email введено некорректно
Ли ih 15       Поле email введено некорректно
9       Строка не содержит 3 составляющие
Ван!!!!1 gqnvyazgeb@ya.ru        Поле имя содержит цифры
9       Строка не содержит 3 составляющие
Михаил!!!!1 edwwl@gmail.com 6       Поле имя содержит цифры
Ольга!!!!1 ahtwhcnt@gmail.com 4       Поле имя содержит цифры
Михаил!!!!1 twlsmljrn@ya.ru        Поле имя содержит цифры
Геннадий kzfigvam 5       Поле email введено некорректно
uhdbu@mail.r       Строка не содержит 3 составляющие
Чехова 11       Строка не содержит 3 составляющие
       Строка не содержит 3 составляющие
Пенг666 ejt@mail.ru        Поле имя содержит цифры
65 ezk@gmail.co       Строка не содержит 3 составляющие
Дмитри       Строка не содержит 3 составляющие
Земфира jqsuiethvsfigvam 9       Поле email введено некорректно
Хенг!!!!1 xoxlplp@ya.ru 1       Поле имя содержит цифры
Яочуан 8 qcf@ya.r       Поле email введено некорректно
       Строка не содержит 3 составляющие
Ли42 idxtdoq@gmail.com 7       Поле имя содержит цифры
Владими       Строка не содержит 3 составляющие
Михаил 1       Строка не содержит 3 составляющие
Чонгкун!!!!1 zohgk@mail.ru 12       Поле имя содержит цифры
Чонгку       Строка не содержит 3 составляющие
Сянцзян!!!!1 yxjlmnjyd@ya.ru 5       Поле имя содержит цифры
Ван666 de@ya.ru 5       Поле имя содержит цифры
       Строка не содержит 3 составляющие
Чехова huqobqc@mail.r       Строка не содержит 3 составляющие
Сянцзя       Строка не содержит 3 составляющие
Пен       Строка не содержит 3 составляющие
Волочкова mknifigvam 3       Поле email введено некорректно
Геннадий prras 6       Поле email введено некорректно
Геннадий666 cgbhqq@ya.ru 4       Поле имя содержит цифры
13       Строка не содержит 3 составляющие
Джигурда!!!!1 fyjbwfgwau@mail.ru 13       Поле имя содержит цифры
Ярослав tizanpv 7       Поле email введено некорректно
Муммий42 jptag@gmail.com 1       Поле имя содержит цифры
Геннадий 9       Строка не содержит 3 составляющие
uzwykma@ya.r       Строка не содержит 3 составляющие
       Строка не содержит 3 составляющие
Бузова!!!!1 plftnpbjo@gmail.com 9       Поле имя содержит цифры
Сянцзян 146 stgpc@mail.r       Поле email введено некорректно
Чехова 129 juee@mail.r       Поле email введено некорректно
Ли42 qc@gmail.com 6       Поле имя содержит цифры
Степан!!!!1 psa@mail.ru 7       Поле имя содержит цифры
Дмитрий666 ca@ya.ru 2       Поле имя содержит цифры
       Строка не содержит 3 составляющие
Ольга42 zktj@ya.ru 10       Поле имя содержит цифры
Ярослав42 tjtavv@mail.ru 5       Поле имя содержит цифры
ffmpsyec@ya.r       Строка не содержит 3 составляющие
Пенг666 pc@ya.ru 6       Поле имя содержит цифры
Чонгкун42 zvjlxq@ya.ru 1       Поле имя содержит цифры
76 yaopefnl@ya.r       Строка не содержит 3 составляющие
Бузова42 xutf@ya.ru 7       Поле имя содержит цифры
45 bvccuqc@mail.r       Строка не содержит 3 составляющие
Ли42 zmyxuszbn@mail.ru 5       Поле имя содержит цифры
Ли 7       Строка не содержит 3 составляющие
Артём!!!!1 ow@ya.ru 2       Поле имя содержит цифры
Анна tuk 5       Поле email введено некорректно
Тролль!!!!1 cxknkqoch@gmail.com 11       Поле имя содержит цифры
Нагиев 8 txjlbbrry@gmail.co       Поле email введено некорректно
Земфира 27 ugvcfouep@gmail.co       Поле email введено некорректно
Артём nenrkg 12       Поле email введено некорректно
Джигурда svjfigvam        Поле email введено некорректно
Дмитрий!!!!1 oievg@gmail.com 12       Поле имя содержит цифры
Нагиев42 erskys@mail.ru 9       Поле имя содержит цифры
Ли666 sithhxg@mail.ru 10       Поле имя содержит цифры
xnbijie@mail.r       Строка не содержит 3 составляющие
Тролль666 ljkbzhpig@mail.ru 3       Поле имя содержит цифры
113 qc@ya.r       Строка не содержит 3 составляющие
Ярослав!!!!1 gp@ya.ru 14       Поле имя содержит цифры
Михаил 1       Строка не содержит 3 составляющие
Нагиев!!!!1 vgotntrh@mail.ru 10       Поле имя содержит цифры
Ярослав666 xh@ya.ru        Поле имя содержит цифры
Ван nzleafoqxt@ya.r       Строка не содержит 3 составляющие
Пенг tnxoigdmfigvam 8       Поле email введено некорректно
Чехова cqglvikwrc 6       Поле email введено некорректно
Хенг depdrtokh 8       Поле email введено некорректно
Мария666 jhy@mail.ru 5       Поле имя содержит цифры
       Строка не содержит 3 составляющие
Геннадий ksna 6       Поле email введено некорректно
Тролль delkswdgqh@gmail.co       Строка не содержит 3 составляющие
Ольга42 lohh@ya.ru        Поле имя содержит цифры
95 hagpmhru@gmail.co       Строка не содержит 3 составляющие
Тролль aevtfigvam 10       Поле email введено некорректно
Волочкова 11 cwiinxbojd@gmail.co       Поле email введено некорректно
       Строка не содержит 3 составляющие
Дмитрий mxjyith 13       Поле email введено некорректно
Гнойный 43 gxopkqfx@mail.r       Поле email введено некорректно
Гнойный666 bjaselri@ya.ru 4       Поле имя содержит цифры
Ван jouht 4       Поле email введено некорректно
Михаи       Строка не содержит 3 составляющие
Ольга nxgxiqbpufigvam 7       Поле email введено некорректно
Джигурда bnqmijgdktfigvam 8       Поле email введено некорректно
vcyyfijz@ya.r       Строка не содержит 3 составляющие
Владимир666 safgslhnp@ya.ru 9       Поле имя содержит цифры
       Строка не содержит 3 составляющие
Ольга 58 est@ya.r       Поле email введено некорректно
Джигурда42 xbb@gmail.com 1       Поле имя содержит цифры
Ольга!!!!1 cf@mail.ru        Поле имя содержит цифры
Ли42 oz.ru 3       Поле имя содержит цифры
Владимир 8       Строка не содержит 3 составляющие
Сянцзян!!!!1 kznhswm@ya.ru 10       Поле имя содержит цифры
Волочкова666 dwpensufag@gmail.com 14       Поле имя содержит цифры
Ли hfge 12       Поле email введено некорректно
Геннадий!!!!1 dtxkypyyb@ya.ru 7       Поле имя содержит цифры
tzxak@gmail.co       Строка не содержит 3 составляющие
Артём666 ckyk@gmail.com 2       Поле имя содержит цифры
Степан 117 zcrcsztr@gmail.co       Поле email введено некорректно
Ярослав fgwinfsvhk@ya.r       Строка не содержит 3 составляющие
Равшан kbjmp 12       Поле email введено некорректно
Нагиев42 tb@gmail.com 10       Поле имя содержит цифры
Хенг42 iaruxbanv@gmail.com 5       Поле имя содержит цифры
Нагиев42 jrps@mail.ru 1       Поле имя содержит цифры
Степан swcoopllww 3       Поле email введено некорректно
Нагиев666 kilfxize@ya.ru 6       Поле имя содержит цифры
Геннадий42 ap@mail.ru        Поле имя содержит цифры
vghlw@ya.r       Строка не содержит 3 составляющие
12       Строка не содержит 3 составляющие
Волочкова666 yfohyg@gmail.com 4       Поле имя содержит цифры
Степан!!!!1 ufjonac@mail.ru 1       Поле имя содержит цифры
Земфира egqtcgcdqa 12       Поле email введено некорректно
Равшан666 ecgnypz@gmail.com 5       Поле имя содержит цифры
Чонгкун 4       Строка не содержит 3 составляющие
Равшан jgrukcwfigvam 14       Поле email введено некорректно
51 htwdgznavv@ya.r       Строка не содержит 3 составляющие
Артём42 osvqlaeyk@mail.ru 8       Поле имя содержит цифры
Степан!!!!1 fz@ya.ru 7       Поле имя содержит цифры
       Строка не содержит 3 составляющие
Владимир42 wyg@mail.ru 8       Поле имя содержит цифры
kdjhud@gmail.co       Строка не содержит 3 составляющие
Волочкова 6       Строка не содержит 3 составляющие
Равшан azsqccfx 8       Поле email введено некорректно
avrgsklcl@mail.r       Строка не содержит 3 составляющие
Артём 115 kzt@mail.r       Поле email введено некорректно
Джигурда zxllbfa 5       Поле email введено некорректно
130 etxsuxnn@ya.r       Строка не содержит 3 составляющие
       Строка не содержит 3 составляющие
141 jefaphil@gmail.co       Строка не содержит 3 составляющие
Пенг 90 dfnus@ya.r       Поле email введено некорректно
Джамшут syrknfjjzfigvam        Поле email введено некорректно
Геннадий42 vwxyofo@gmail.com 11       Поле имя содержит цифры
3       Строка не содержит 3 составляющие
       Строка не содержит 3 составляющие
Джамшут42 tuknuio@gmail.com 8       Поле имя содержит цифры
Джамшут666 fb@ya.ru 7       Поле имя содержит цифры
Чонгкун 7       Строка не содержит 3 составляющие
Ярослав42 rjsnul@gmail.com 4       Поле имя содержит цифры
Тролль!!!!1 xrv@gmail.com 6       Поле имя содержит цифры
Земфира 70 ccerney@ya.r       Поле email введено некорректно
Чехова 4       Строка не содержит 3 составляющие
Земфира!!!!1 yaid@gmail.com 14       Поле имя содержит цифры
25 aw@mail.r       Строка не содержит 3 составляющие
11       Строка не содержит 3 составляющие
Ярослав 15       Строка не содержит 3 составляющие
Яочуан42 ofjv@gmail.com 14       Поле имя содержит цифры
Артём666 gkxrmf@mail.ru 12       Поле имя содержит цифры
Волочкова42 qvh@mail.ru 12       Поле имя содержит цифры
Равшан42 rikzshxn@mail.ru 11       Поле имя содержит цифры
Ольга42 ybmxqdmp@mail.ru 13       Поле имя содержит цифры
Нагиев        Строка не содержит 3 составляющие
Ольга dmxhmdfigvam 9       Поле email введено некорректно
Чехова uvjfigvam 5       Поле email введено некорректно
fobycm@gmail.co       Строка не содержит 3 составляющие
Геннадий666 wx@mail.ru 14       Поле имя содержит цифры
       Строка не содержит 3 составляющие
       Строка не содержит 3 составляющие
Чехова 11       Строка не содержит 3 составляющие
Мария oaqsckym 10       Поле email введено некорректно
Бузова vpvkfigvam 3       Поле email введено некорректно
Ольга666 gcbyzzd@mail.ru 3       Поле имя содержит цифры
20 zxwossbh@mail.r       Строка не содержит 3 составляющие
Бузова obh 12       Поле email введено некорректно
Ольга eurc 14       Поле email введено некорректно
Пенг666 shrinqh@gmail.com 11       Поле имя содержит цифры
Бузова666 eeeuan@mail.ru 4       Поле имя содержит цифры
Сянцзян efw@gmail.co       Строка не содержит 3 составляющие
Ли42 wp@mail.ru 10       Поле имя содержит цифры
Муммий 2       Строка не содержит 3 составляющие
       Строка не содержит 3 составляющие
Степан!!!!1 lywhfp@ya.ru 12       Поле имя содержит цифры
Хенг666 girleigcr@ya.ru 3       Поле имя содержит цифры
Равшан 35 ofdlmej@gmail.co       Поле email введено некорректно
Муммий 77 pqtmptomb@ya.r       Поле email введено некорректно
       Строка не содержит 3 составляющие
Анна lem 10       Поле email введено некорректно
Михаил666 nyhtpmnzqb@mail.ru 13       Поле имя содержит цифры
Земфира nsmztmtx 5       Поле email введено некорректно
Джигурда42 xayajydse@ya.ru 9       Поле имя содержит цифры
Владимир666 oqdtiitgkx@ya.ru 12       Поле имя содержит цифры
Равшан        Строка не содержит 3 составляющие
Гнойный666 cejwq@ya.ru 2       Поле имя содержит цифры
Бузова aoivhha@mail.r       Строка не содержит 3 составляющие
Сянцзян!!!!1 epvtjyyne@ya.ru 7       Поле имя содержит цифры
Ольга!!!!1 nejtkphtj@gmail.com 7       Поле имя содержит цифры
Тролль 7       Строка не содержит 3 составляющие
Яочуан doqvvvzjsjfigvam 7       Поле email введено некорректно
Ван zz 3       Поле email введено некорректно
Чехова666 qrmkrdyj@gmail.com 2       Поле имя содержит цифры
Михаил!!!!1 elgpecc@mail.ru 1       Поле имя содержит цифры
Степан666 ggel@mail.ru 7       Поле имя содержит цифры
Чонгкун42 iyfvfnmfigvam 10       Поле имя содержит цифры
mnlzwm@gmail.co       Строка не содержит 3 составляющие
Земфира 60 pb@gmail.co       Поле email введено некорректно
Владимир42 ixklrsprlf@mail.ru 6       Поле имя содержит цифры
Л       Строка не содержит 3 составляющие
Дмитрий666 soasnrtxa@mail.ru 10       Поле имя содержит цифры
Ван!!!!1 hefgaw@mail.ru 14       Поле имя содержит цифры
Ван42 oqz@ya.ru 6       Поле имя содержит цифры
Равшан666 hugv.mail.ru 12       Поле имя содержит цифры
       Строка не содержит 3 составляющие
Чонгкун vmflsqzffigvam 11       Поле email введено некорректно
Джигурда!!!!1 sfgl@mail.ru 10       Поле имя содержит цифры
Ли666 gmsqb@ya.ru 2       Поле имя содержит цифры
Ли42 dkuifigvam 13       Поле имя содержит цифры
Яочуан vk 4       Поле email введено некорректно
Джигурда42 pp@gmail.com 9       Поле имя содержит цифры
Чехова666 ggp@ya.ru 4       Поле имя содержит цифры
Равшан42 wrccps@gmail.com 1       Поле имя содержит цифры
Артём 56 ajacsghgr@mail.r       Поле email введено некорректно
Михаил666 nfkgdficq@ya.ru 3       Поле имя содержит цифры
Джигурда42 ttdofdr@ya.ru 2       Поле имя содержит цифры
       Строка не содержит 3 составляющие
Чехова pylfigvam 13       Поле email введено некорректно
Чехова42 emzlpst@ya.ru 14       Поле имя содержит цифры
Бузова!!!!1 of@gmail.com 10       Поле имя содержит цифры
Дмитрий 23 dklpkwpf@ya.r       Поле email введено некорректно
Муммий iofigvam 6       Поле email введено некорректно
4       Строка не содержит 3 составляющие
Джигурда whfmfkhctfigvam 1       Поле email введено некорректно
Джигурда 118 si@gmail.co       Поле email введено некорректно
       Строка не содержит 3 составляющие
Ван 146 jnhds@ya.r       Поле email введено некорректно
Хенг 116 tqkpforkd@mail.r       Поле email введено некорректно
Михаил 30 hju@gmail.co       Поле email введено некорректно
Михаил iyp 1       Поле email введено некорректно
Ли eud        Поле email введено некорректно
Артём 14       Строка не содержит 3 составляющие
Сянцзян!!!!1 xertpbt@gmail.com 14       Поле имя содержит цифры
Тролль 68 bbmdqbunqu@ya.r       Поле email введено некорректно
Ли ralr 2       Поле email введено некорректно
Сянцзян whdvpsbsvfigvam 10       Поле email введено некорректно
Бузова666 raiuez@ya.ru 7       Поле имя содержит цифры
Нагиев666 pgxcwvz@mail.ru        Поле имя содержит цифры
Мария!!!!1 iqs@mail.ru 5       Поле имя содержит цифры
9       Строка не содержит 3 составляющие
Бузова cgsksquufigvam 10       Поле email введено некорректно
